ISim log file
Running: /home/co-eda/Documents/buaa-co-2022/P4/Project/testRoute_isim_beh.exe -intstyle ise -gui -tclbatch isim.cmd -wdb /home/co-eda/Documents/buaa-co-2022/P4/Project/testRoute_isim_beh.wdb 
ISim P.20131013 (signature 0xfbc00daa)
----------------------------------------------------------------------
WARNING:Security:42 - Your software subscription period has lapsed. Your current version of Xilinx tools will continue to function, but you no longer qualify for Xilinx software updates or new releases.


----------------------------------------------------------------------
This is a Full version of ISim.
WARNING: File "/home/co-eda/Documents/buaa-co-2022/P4/Project/mips.v" Line 42.  For instance uut/udm/, width 2 of formal port width is not equal to width 3 of actual signal width.
Time resolution is 1 ps
# onerror resume
# wave add /
# run 1000 ns
Simulator is doing circuit initialization process.
Finished circuit initialization process.
@00003000: $28 <= 00000000
@00003004: $29 <= 00000000
@00003008: $ 1 <= 00003456
@0000300c: $ 1 <= 000068ac
@00003010: $ 1 <= 00000000
@00003014: *00000004 <= 00000000
@00003018: $ 2 <= 78780000
@0000301c: $ 3 <= 78780000
@00003020: $ 5 <= 12340000
@00003024: $ 4 <= 00000005
@0000302c: *00000004 <= 00000005
@00003030: $ 3 <= 00000005
@00003051: $ 8 <= 77770000
@00003055: $ 8 <= 7777ffff
@00003059: $ 0 <= 88880001
@0000305d: $ 0 <= 00001100
@00003061: $10 <= 00000000
@00003065: $ 8 <= 00000000
@00003069: $ 9 <= 00000001
@0000306d: $10 <= 00000001
@00003071: $ 8 <= 00000001
@00003079: $31 <= 0000307d
@00003088: $10 <= 00000002
@00003081: $10 <= 00000004
@00003088: $10 <= 00000008
@00003081: $10 <= 00000010
@00003088: $10 <= 00000020
@00003081: $10 <= 00000040
@00003088: $10 <= 00000080
@00003081: $10 <= 00000100
@00003088: $10 <= 00000200
@00003081: $10 <= 00000400
@00003088: $10 <= 00000800
@00003081: $10 <= 00001000
@00003088: $10 <= 00002000
@00003081: $10 <= 00004000
@00003088: $10 <= 00008000
@00003081: $10 <= 00010000
@00003088: $10 <= 00020000
@00003081: $10 <= 00040000
@00003088: $10 <= 00080000
@00003081: $10 <= 00100000
@00003088: $10 <= 00200000
@00003081: $10 <= 00400000
@00003088: $10 <= 00800000
@00003081: $10 <= 01000000
@00003088: $10 <= 02000000
@00003081: $10 <= 04000000
@00003088: $10 <= 08000000
@00003081: $10 <= 10000000
@00003088: $10 <= 20000000
@00003081: $10 <= 40000000
@00003088: $10 <= 80000000
@00003081: $10 <= 00000000
@00003088: $10 <= 00000000
@00003081: $10 <= 00000000
@00003088: $10 <= 00000000
@00003081: $10 <= 00000000
@00003088: $10 <= 00000000
@00003081: $10 <= 00000000
@00003088: $10 <= 00000000
@00003081: $10 <= 00000000
@00003088: $10 <= 00000000
@00003081: $10 <= 00000000
@00003088: $10 <= 00000000
@00003081: $10 <= 00000000
@00003088: $10 <= 00000000
@00003081: $10 <= 00000000
@00003088: $10 <= 00000000
@00003081: $10 <= 00000000
@00003088: $10 <= 00000000
@00003081: $10 <= 00000000
@00003088: $10 <= 00000000
@00003081: $10 <= 00000000
@00003088: $10 <= 00000000
@00003081: $10 <= 00000000
@00003088: $10 <= 00000000
@00003081: $10 <= 00000000
@00003088: $10 <= 00000000
@00003081: $10 <= 00000000
@00003088: $10 <= 00000000
@00003081: $10 <= 00000000
@00003088: $10 <= 00000000
@00003081: $10 <= 00000000
@00003088: $10 <= 00000000
@00003081: $10 <= 00000000
@00003088: $10 <= 00000000
@00003081: $10 <= 00000000
@00003088: $10 <= 00000000
@00003081: $10 <= 00000000
@00003088: $10 <= 00000000
@00003081: $10 <= 00000000
@00003088: $10 <= 00000000
@00003081: $10 <= 00000000
@00003088: $10 <= 00000000
@00003081: $10 <= 00000000
@00003088: $10 <= 00000000
@00003081: $10 <= 00000000
@00003088: $10 <= 00000000
@00003081: $10 <= 00000000
@00003088: $10 <= 00000000
@00003081: $10 <= 00000000
@00003088: $10 <= 00000000
@00003081: $10 <= 00000000
@00003088: $10 <= 00000000
@00003081: $10 <= 00000000
@00003088: $10 <= 00000000
@00003081: $10 <= 00000000
@00003088: $10 <= 00000000
@00003081: $10 <= 00000000
@00003088: $10 <= 00000000
@00003081: $10 <= 00000000
@00003088: $10 <= 00000000
@00003081: $10 <= 00000000
@00003088: $10 <= 00000000
@00003081: $10 <= 00000000
@00003088: $10 <= 00000000
@00003081: $10 <= 00000000
@00003088: $10 <= 00000000
@00003081: $10 <= 00000000
@00003088: $10 <= 00000000
@00003081: $10 <= 00000000
@00003088: $10 <= 00000000
@00003081: $10 <= 00000000
@00003088: $10 <= 00000000
@00003081: $10 <= 00000000
@00003088: $10 <= 00000000
@00003081: $10 <= 00000000
@00003088: $10 <= 00000000
@00003081: $10 <= 00000000
@00003088: $10 <= 00000000
@00003081: $10 <= 00000000
@00003088: $10 <= 00000000
@00003081: $10 <= 00000000
@00003088: $10 <= 00000000
@00003081: $10 <= 00000000
@00003088: $10 <= 00000000
@00003081: $10 <= 00000000
@00003088: $10 <= 00000000
@00003081: $10 <= 00000000
@00003088: $10 <= 00000000
@00003081: $10 <= 00000000
@00003088: $10 <= 00000000
@00003081: $10 <= 00000000
@00003088: $10 <= 00000000
@00003081: $10 <= 00000000
@00003088: $10 <= 00000000
@00003081: $10 <= 00000000
@00003088: $10 <= 00000000
@00003081: $10 <= 00000000
@00003088: $10 <= 00000000
@00003081: $10 <= 00000000
@00003088: $10 <= 00000000
@00003081: $10 <= 00000000
@00003088: $10 <= 00000000
@00003081: $10 <= 00000000
@00003088: $10 <= 00000000
@00003081: $10 <= 00000000
@00003088: $10 <= 00000000
@00003081: $10 <= 00000000
@00003088: $10 <= 00000000
@00003081: $10 <= 00000000
@00003088: $10 <= 00000000
@00003081: $10 <= 00000000
@00003088: $10 <= 00000000
@00003081: $10 <= 00000000
@00003088: $10 <= 00000000
@00003081: $10 <= 00000000
@00003088: $10 <= 00000000
@00003081: $10 <= 00000000
@00003088: $10 <= 00000000
@00003081: $10 <= 00000000
@00003088: $10 <= 00000000
@00003081: $10 <= 00000000
@00003088: $10 <= 00000000
@00003081: $10 <= 00000000
@00003088: $10 <= 00000000
@00003081: $10 <= 00000000
@00003088: $10 <= 00000000
@00003081: $10 <= 00000000
@00003088: $10 <= 00000000
@00003081: $10 <= 00000000
@00003088: $10 <= 00000000
@00003081: $10 <= 00000000
@00003088: $10 <= 00000000
@00003081: $10 <= 00000000
@00003088: $10 <= 00000000
@00003081: $10 <= 00000000
@00003088: $10 <= 00000000
@00003081: $10 <= 00000000
@00003088: $10 <= 00000000
@00003081: $10 <= 00000000
@00003088: $10 <= 00000000
@00003081: $10 <= 00000000
@00003088: $10 <= 00000000
@00003081: $10 <= 00000000
@00003088: $10 <= 00000000
@00003081: $10 <= 00000000
@00003088: $10 <= 00000000
@00003081: $10 <= 00000000
@00003088: $10 <= 00000000
@00003081: $10 <= 00000000
@00003088: $10 <= 00000000
@00003081: $10 <= 00000000
@00003088: $10 <= 00000000
@00003081: $10 <= 00000000
@00003088: $10 <= 00000000
@00003081: $10 <= 00000000
@00003088: $10 <= 00000000
ISim P.20131013 (signature 0xfbc00daa)
----------------------------------------------------------------------
WARNING:Security:42 - Your software subscription period has lapsed. Your current version of Xilinx tools will continue to function, but you no longer qualify for Xilinx software updates or new releases.


----------------------------------------------------------------------
This is a Full version of ISim.
WARNING: File "/home/co-eda/Documents/buaa-co-2022/P4/Project/mips.v" Line 42.  For instance uut/udm/, width 2 of formal port width is not equal to width 3 of actual signal width.
# run 1000 ns
Simulator is doing circuit initialization process.
Finished circuit initialization process.
@00003000: $28 <= 00000000
@00003004: $29 <= 00000000
@00003008: $ 1 <= 00003456
@0000300c: $ 1 <= 000068ac
@00003010: $ 1 <= 00000000
@00003014: *00000004 <= 00000000
@00003018: $ 2 <= 78780000
@0000301c: $ 3 <= 78780000
@00003020: $ 5 <= 12340000
@00003024: $ 4 <= 00000005
@0000302c: *00000004 <= 00000005
@00003030: $ 3 <= 00000005
@00003051: $ 8 <= 77770000
@00003055: $ 8 <= 7777ffff
@00003059: $ 0 <= 88880001
@0000305d: $ 0 <= 00001100
@00003061: $10 <= 00000000
@00003065: $ 8 <= 00000000
@00003069: $ 9 <= 00000001
@0000306d: $10 <= 00000001
@00003071: $ 8 <= 00000001
@00003079: $31 <= 0000307d
@00003088: $10 <= 00000002
@00003081: $10 <= 00000004
@00003088: $10 <= 00000008
@00003081: $10 <= 00000010
@00003088: $10 <= 00000020
@00003081: $10 <= 00000040
@00003088: $10 <= 00000080
@00003081: $10 <= 00000100
@00003088: $10 <= 00000200
@00003081: $10 <= 00000400
@00003088: $10 <= 00000800
@00003081: $10 <= 00001000
@00003088: $10 <= 00002000
@00003081: $10 <= 00004000
@00003088: $10 <= 00008000
@00003081: $10 <= 00010000
@00003088: $10 <= 00020000
@00003081: $10 <= 00040000
@00003088: $10 <= 00080000
@00003081: $10 <= 00100000
@00003088: $10 <= 00200000
@00003081: $10 <= 00400000
@00003088: $10 <= 00800000
@00003081: $10 <= 01000000
@00003088: $10 <= 02000000
@00003081: $10 <= 04000000
@00003088: $10 <= 08000000
@00003081: $10 <= 10000000
@00003088: $10 <= 20000000
@00003081: $10 <= 40000000
@00003088: $10 <= 80000000
@00003081: $10 <= 00000000
@00003088: $10 <= 00000000
@00003081: $10 <= 00000000
@00003088: $10 <= 00000000
@00003081: $10 <= 00000000
@00003088: $10 <= 00000000
@00003081: $10 <= 00000000
@00003088: $10 <= 00000000
@00003081: $10 <= 00000000
@00003088: $10 <= 00000000
@00003081: $10 <= 00000000
@00003088: $10 <= 00000000
@00003081: $10 <= 00000000
@00003088: $10 <= 00000000
@00003081: $10 <= 00000000
@00003088: $10 <= 00000000
@00003081: $10 <= 00000000
@00003088: $10 <= 00000000
@00003081: $10 <= 00000000
@00003088: $10 <= 00000000
@00003081: $10 <= 00000000
@00003088: $10 <= 00000000
@00003081: $10 <= 00000000
@00003088: $10 <= 00000000
@00003081: $10 <= 00000000
@00003088: $10 <= 00000000
@00003081: $10 <= 00000000
@00003088: $10 <= 00000000
@00003081: $10 <= 00000000
@00003088: $10 <= 00000000
@00003081: $10 <= 00000000
@00003088: $10 <= 00000000
@00003081: $10 <= 00000000
@00003088: $10 <= 00000000
@00003081: $10 <= 00000000
@00003088: $10 <= 00000000
@00003081: $10 <= 00000000
@00003088: $10 <= 00000000
@00003081: $10 <= 00000000
@00003088: $10 <= 00000000
@00003081: $10 <= 00000000
@00003088: $10 <= 00000000
@00003081: $10 <= 00000000
@00003088: $10 <= 00000000
@00003081: $10 <= 00000000
@00003088: $10 <= 00000000
@00003081: $10 <= 00000000
@00003088: $10 <= 00000000
@00003081: $10 <= 00000000
@00003088: $10 <= 00000000
@00003081: $10 <= 00000000
@00003088: $10 <= 00000000
@00003081: $10 <= 00000000
@00003088: $10 <= 00000000
@00003081: $10 <= 00000000
@00003088: $10 <= 00000000
@00003081: $10 <= 00000000
@00003088: $10 <= 00000000
@00003081: $10 <= 00000000
@00003088: $10 <= 00000000
@00003081: $10 <= 00000000
@00003088: $10 <= 00000000
@00003081: $10 <= 00000000
@00003088: $10 <= 00000000
@00003081: $10 <= 00000000
@00003088: $10 <= 00000000
@00003081: $10 <= 00000000
@00003088: $10 <= 00000000
@00003081: $10 <= 00000000
@00003088: $10 <= 00000000
@00003081: $10 <= 00000000
@00003088: $10 <= 00000000
@00003081: $10 <= 00000000
@00003088: $10 <= 00000000
@00003081: $10 <= 00000000
@00003088: $10 <= 00000000
@00003081: $10 <= 00000000
@00003088: $10 <= 00000000
@00003081: $10 <= 00000000
@00003088: $10 <= 00000000
@00003081: $10 <= 00000000
@00003088: $10 <= 00000000
@00003081: $10 <= 00000000
@00003088: $10 <= 00000000
@00003081: $10 <= 00000000
@00003088: $10 <= 00000000
@00003081: $10 <= 00000000
@00003088: $10 <= 00000000
@00003081: $10 <= 00000000
@00003088: $10 <= 00000000
@00003081: $10 <= 00000000
@00003088: $10 <= 00000000
@00003081: $10 <= 00000000
@00003088: $10 <= 00000000
@00003081: $10 <= 00000000
@00003088: $10 <= 00000000
@00003081: $10 <= 00000000
@00003088: $10 <= 00000000
@00003081: $10 <= 00000000
@00003088: $10 <= 00000000
@00003081: $10 <= 00000000
@00003088: $10 <= 00000000
@00003081: $10 <= 00000000
@00003088: $10 <= 00000000
@00003081: $10 <= 00000000
@00003088: $10 <= 00000000
@00003081: $10 <= 00000000
@00003088: $10 <= 00000000
@00003081: $10 <= 00000000
@00003088: $10 <= 00000000
@00003081: $10 <= 00000000
@00003088: $10 <= 00000000
@00003081: $10 <= 00000000
@00003088: $10 <= 00000000
@00003081: $10 <= 00000000
@00003088: $10 <= 00000000
@00003081: $10 <= 00000000
@00003088: $10 <= 00000000
@00003081: $10 <= 00000000
@00003088: $10 <= 00000000
@00003081: $10 <= 00000000
@00003088: $10 <= 00000000
@00003081: $10 <= 00000000
@00003088: $10 <= 00000000
@00003081: $10 <= 00000000
@00003088: $10 <= 00000000
@00003081: $10 <= 00000000
@00003088: $10 <= 00000000
@00003081: $10 <= 00000000
@00003088: $10 <= 00000000
@00003081: $10 <= 00000000
@00003088: $10 <= 00000000
@00003081: $10 <= 00000000
@00003088: $10 <= 00000000
@00003081: $10 <= 00000000
@00003088: $10 <= 00000000
@00003081: $10 <= 00000000
@00003088: $10 <= 00000000
@00003081: $10 <= 00000000
@00003088: $10 <= 00000000
@00003081: $10 <= 00000000
@00003088: $10 <= 00000000
@00003081: $10 <= 00000000
@00003088: $10 <= 00000000
@00003081: $10 <= 00000000
@00003088: $10 <= 00000000
@00003081: $10 <= 00000000
@00003088: $10 <= 00000000
@00003081: $10 <= 00000000
@00003088: $10 <= 00000000
@00003081: $10 <= 00000000
@00003088: $10 <= 00000000
@00003081: $10 <= 00000000
@00003088: $10 <= 00000000
@00003081: $10 <= 00000000
@00003088: $10 <= 00000000
ISim P.20131013 (signature 0xfbc00daa)
----------------------------------------------------------------------
WARNING:Security:42 - Your software subscription period has lapsed. Your current version of Xilinx tools will continue to function, but you no longer qualify for Xilinx software updates or new releases.


----------------------------------------------------------------------
This is a Full version of ISim.
WARNING: File "/home/co-eda/Documents/buaa-co-2022/P4/Project/mips.v" Line 42.  For instance uut/udm/, width 2 of formal port width is not equal to width 3 of actual signal width.
# run 1000 ns
Simulator is doing circuit initialization process.
Finished circuit initialization process.
@00003000: $28 <= 00000000
@00003004: $29 <= 00000000
@00003008: $ 1 <= 00003456
@0000300c: $ 1 <= 000068ac
@00003010: $ 1 <= 00000000
@00003014: *00000004 <= 00000000
@00003018: $ 2 <= 78780000
@0000301c: $ 3 <= 78780000
@00003020: $ 5 <= 12340000
@00003024: $ 4 <= 00000005
@0000302c: *00000004 <= 12340000
@00003030: $ 3 <= 12340000
@00003054: $ 8 <= 0000ffff
@00003058: $ 0 <= ffff0001
@0000305c: $ 0 <= 00001100
@00003060: $10 <= 00000000
@00003064: $ 8 <= 00000000
@00003068: $ 9 <= 00000001
@0000306c: $10 <= 00000001
@00003070: $ 8 <= 00000001
@00003078: $31 <= 0000307c
@00003088: $10 <= 00000002
@00003080: $10 <= 00000004
@0000308a: $10 <= 00000008
@00003080: $10 <= 00000010
@0000308a: $10 <= 00000020
@00003080: $10 <= 00000040
@0000308a: $10 <= 00000080
@00003080: $10 <= 00000100
@0000308a: $10 <= 00000200
@00003080: $10 <= 00000400
@0000308a: $10 <= 00000800
@00003080: $10 <= 00001000
@0000308a: $10 <= 00002000
@00003080: $10 <= 00004000
@0000308a: $10 <= 00008000
@00003080: $10 <= 00010000
@0000308a: $10 <= 00020000
@00003080: $10 <= 00040000
@0000308a: $10 <= 00080000
@00003080: $10 <= 00100000
@0000308a: $10 <= 00200000
@00003080: $10 <= 00400000
@0000308a: $10 <= 00800000
@00003080: $10 <= 01000000
@0000308a: $10 <= 02000000
@00003080: $10 <= 04000000
@0000308a: $10 <= 08000000
@00003080: $10 <= 10000000
@0000308a: $10 <= 20000000
@00003080: $10 <= 40000000
@0000308a: $10 <= 80000000
@00003080: $10 <= 00000000
@0000308a: $10 <= 00000000
@00003080: $10 <= 00000000
@0000308a: $10 <= 00000000
@00003080: $10 <= 00000000
@0000308a: $10 <= 00000000
@00003080: $10 <= 00000000
@0000308a: $10 <= 00000000
@00003080: $10 <= 00000000
@0000308a: $10 <= 00000000
@00003080: $10 <= 00000000
@0000308a: $10 <= 00000000
@00003080: $10 <= 00000000
@0000308a: $10 <= 00000000
@00003080: $10 <= 00000000
@0000308a: $10 <= 00000000
@00003080: $10 <= 00000000
@0000308a: $10 <= 00000000
@00003080: $10 <= 00000000
@0000308a: $10 <= 00000000
@00003080: $10 <= 00000000
@0000308a: $10 <= 00000000
@00003080: $10 <= 00000000
@0000308a: $10 <= 00000000
@00003080: $10 <= 00000000
@0000308a: $10 <= 00000000
@00003080: $10 <= 00000000
@0000308a: $10 <= 00000000
@00003080: $10 <= 00000000
@0000308a: $10 <= 00000000
@00003080: $10 <= 00000000
@0000308a: $10 <= 00000000
@00003080: $10 <= 00000000
@0000308a: $10 <= 00000000
@00003080: $10 <= 00000000
@0000308a: $10 <= 00000000
@00003080: $10 <= 00000000
@0000308a: $10 <= 00000000
@00003080: $10 <= 00000000
@0000308a: $10 <= 00000000
@00003080: $10 <= 00000000
@0000308a: $10 <= 00000000
@00003080: $10 <= 00000000
@0000308a: $10 <= 00000000
@00003080: $10 <= 00000000
@0000308a: $10 <= 00000000
@00003080: $10 <= 00000000
@0000308a: $10 <= 00000000
@00003080: $10 <= 00000000
@0000308a: $10 <= 00000000
@00003080: $10 <= 00000000
@0000308a: $10 <= 00000000
@00003080: $10 <= 00000000
@0000308a: $10 <= 00000000
@00003080: $10 <= 00000000
@0000308a: $10 <= 00000000
@00003080: $10 <= 00000000
@0000308a: $10 <= 00000000
@00003080: $10 <= 00000000
@0000308a: $10 <= 00000000
@00003080: $10 <= 00000000
@0000308a: $10 <= 00000000
@00003080: $10 <= 00000000
@0000308a: $10 <= 00000000
@00003080: $10 <= 00000000
@0000308a: $10 <= 00000000
@00003080: $10 <= 00000000
@0000308a: $10 <= 00000000
@00003080: $10 <= 00000000
@0000308a: $10 <= 00000000
@00003080: $10 <= 00000000
@0000308a: $10 <= 00000000
@00003080: $10 <= 00000000
@0000308a: $10 <= 00000000
@00003080: $10 <= 00000000
@0000308a: $10 <= 00000000
@00003080: $10 <= 00000000
@0000308a: $10 <= 00000000
@00003080: $10 <= 00000000
@0000308a: $10 <= 00000000
@00003080: $10 <= 00000000
@0000308a: $10 <= 00000000
@00003080: $10 <= 00000000
@0000308a: $10 <= 00000000
@00003080: $10 <= 00000000
@0000308a: $10 <= 00000000
@00003080: $10 <= 00000000
@0000308a: $10 <= 00000000
@00003080: $10 <= 00000000
@0000308a: $10 <= 00000000
@00003080: $10 <= 00000000
@0000308a: $10 <= 00000000
@00003080: $10 <= 00000000
@0000308a: $10 <= 00000000
@00003080: $10 <= 00000000
@0000308a: $10 <= 00000000
@00003080: $10 <= 00000000
@0000308a: $10 <= 00000000
@00003080: $10 <= 00000000
@0000308a: $10 <= 00000000
@00003080: $10 <= 00000000
@0000308a: $10 <= 00000000
@00003080: $10 <= 00000000
@0000308a: $10 <= 00000000
@00003080: $10 <= 00000000
@0000308a: $10 <= 00000000
@00003080: $10 <= 00000000
@0000308a: $10 <= 00000000
@00003080: $10 <= 00000000
@0000308a: $10 <= 00000000
@00003080: $10 <= 00000000
@0000308a: $10 <= 00000000
@00003080: $10 <= 00000000
@0000308a: $10 <= 00000000
@00003080: $10 <= 00000000
@0000308a: $10 <= 00000000
@00003080: $10 <= 00000000
@0000308a: $10 <= 00000000
@00003080: $10 <= 00000000
@0000308a: $10 <= 00000000
@00003080: $10 <= 00000000
@0000308a: $10 <= 00000000
@00003080: $10 <= 00000000
@0000308a: $10 <= 00000000
@00003080: $10 <= 00000000
ISim P.20131013 (signature 0xfbc00daa)
----------------------------------------------------------------------
WARNING:Security:42 - Your software subscription period has lapsed. Your current version of Xilinx tools will continue to function, but you no longer qualify for Xilinx software updates or new releases.


----------------------------------------------------------------------
This is a Full version of ISim.
WARNING: File "/home/co-eda/Documents/buaa-co-2022/P4/Project/mips.v" Line 42.  For instance uut/udm/, width 2 of formal port width is not equal to width 3 of actual signal width.
# run 1000 ns
Simulator is doing circuit initialization process.
Finished circuit initialization process.
@00003000: $28 <= 00000000
@00003004: $29 <= 00000000
@00003008: $ 1 <= 00003456
@0000300c: $ 1 <= 000068ac
@00003010: $ 1 <= 00000000
@00003014: *00000004 <= 00000000
@00003018: $ 2 <= 78780000
@0000301c: $ 3 <= 78780000
@00003020: $ 5 <= 12340000
@00003024: $ 4 <= 00000005
@0000302c: *00000004 <= 12340000
@00003030: $ 3 <= 12340000
@00003044: $ 7 <= 12340404
@00003050: $ 8 <= 77770000
@00003054: $ 8 <= 7777ffff
@00003058: $ 0 <= 88880001
@0000305c: $ 0 <= 00001100
@00003060: $10 <= 12340404
@00003064: $ 8 <= 00000000
@00003068: $ 9 <= 00000001
@0000306c: $10 <= 00000001
@00003070: $ 8 <= 00000001
@00003070: $ 8 <= 00000002
@00003078: $31 <= 0000307c
@00003088: $10 <= 00000002
@00003080: $10 <= 00000004
